# JRE version: OpenJDK Runtime Environment (19.0.2+7) (build 19.0.2+7-Ubuntu-0ubuntu322.04)
# Java VM: OpenJDK 64-Bit Server VM (19.0.2+7-Ubuntu-0ubuntu322.04, mixed mode, sharing, tiered, compressed oops, compressed class ptrs, g1 gc, linux-amd64)
Heap:
 garbage-first heap   total 65536K, used 63421K [0x00000000fc000000, 0x0000000100000000)
  region size 1024K, 0 young (0K), 0 survivors (0K)
 Metaspace       used 8238K, committed 8640K, reserved 1114112K
  class space    used 1060K, committed 1280K, reserved 1048576K
GC Heap History (20 events):
Event: 6.875 GC heap before
{Heap before GC invocations=153 (full 81):
 garbage-first heap   total 65536K, used 63422K [0x00000000fc000000, 0x0000000100000000)
  region size 1024K, 0 young (0K), 0 survivors (0K)
 Metaspace       used 8238K, committed 8640K, reserved 1114112K
  class space    used 1060K, committed 1280K, reserved 1048576K
}
Event: 6.938 GC heap after
{Heap after GC invocations=154 (full 82):
 garbage-first heap   total 65536K, used 63422K [0x00000000fc000000, 0x0000000100000000)
  region size 1024K, 0 young (0K), 0 survivors (0K)
 Metaspace       used 8238K, committed 8640K, reserved 1114112K
  class space    used 1060K, committed 1280K, reserved 1048576K
}
Event: 6.938 GC heap before
{Heap before GC invocations=154 (full 82):
 garbage-first heap   total 65536K, used 63422K [0x00000000fc000000, 0x0000000100000000)
  region size 1024K, 0 young (0K), 0 survivors (0K)
 Metaspace       used 8238K, committed 8640K, reserved 1114112K
  class space    used 1060K, committed 1280K, reserved 1048576K
}
Event: 6.938 GC heap after
{Heap after GC invocations=155 (full 82):
 garbage-first heap   total 65536K, used 63422K [0x00000000fc000000, 0x0000000100000000)
  region size 1024K, 0 young (0K), 0 survivors (0K)
 Metaspace       used 8238K, committed 8640K, reserved 1114112K
  class space    used 1060K, committed 1280K, reserved 1048576K
}
Event: 6.938 GC heap before
{Heap before GC invocations=155 (full 82):
 garbage-first heap   total 65536K, used 63422K [0x00000000fc000000, 0x0000000100000000)
  region size 1024K, 0 young (0K), 0 survivors (0K)
 Metaspace       used 8238K, committed 8640K, reserved 1114112K
  class space    used 1060K, committed 1280K, reserved 1048576K
}
Event: 6.972 GC heap after
{Heap after GC invocations=156 (full 83):
 garbage-first heap   total 65536K, used 63422K [0x00000000fc000000, 0x0000000100000000)
  region size 1024K, 0 young (0K), 0 survivors (0K)
 Metaspace       used 8238K, committed 8640K, reserved 1114112K
  class space    used 1060K, committed 1280K, reserved 1048576K
}
Event: 6.972 GC heap before
{Heap before GC invocations=156 (full 83):
 garbage-first heap   total 65536K, used 63422K [0x00000000fc000000, 0x0000000100000000)
  region size 1024K, 0 young (0K), 0 survivors (0K)
 Metaspace       used 8238K, committed 8640K, reserved 1114112K
  class space    used 1060K, committed 1280K, reserved 1048576K
}
Event: 7.044 GC heap after
{Heap after GC invocations=157 (full 84):
 garbage-first heap   total 65536K, used 63422K [0x00000000fc000000, 0x0000000100000000)
  region size 1024K, 0 young (0K), 0 survivors (0K)
 Metaspace       used 8238K, committed 8640K, reserved 1114112K
  class space    used 1060K, committed 1280K, reserved 1048576K
}
Event: 7.044 GC heap before
{Heap before GC invocations=157 (full 84):
 garbage-first heap   total 65536K, used 63422K [0x00000000fc000000, 0x0000000100000000)
  region size 1024K, 0 young (0K), 0 survivors (0K)
 Metaspace       used 8238K, committed 8640K, reserved 1114112K
  class space    used 1060K, committed 1280K, reserved 1048576K
}
Event: 7.045 GC heap after
{Heap after GC invocations=158 (full 84):
 garbage-first heap   total 65536K, used 63422K [0x00000000fc000000, 0x0000000100000000)
  region size 1024K, 0 young (0K), 0 survivors (0K)
 Metaspace       used 8238K, committed 8640K, reserved 1114112K
  class space    used 1060K, committed 1280K, reserved 1048576K
}
Event: 7.045 GC heap before
{Heap before GC invocations=158 (full 84):
 garbage-first heap   total 65536K, used 63422K [0x00000000fc000000, 0x0000000100000000)
  region size 1024K, 0 young (0K), 0 survivors (0K)
 Metaspace       used 8238K, committed 8640K, reserved 1114112K
  class space    used 1060K, committed 1280K, reserved 1048576K
}
Event: 7.079 GC heap after
{Heap after GC invocations=159 (full 85):
 garbage-first heap   total 65536K, used 63422K [0x00000000fc000000, 0x0000000100000000)
  region size 1024K, 0 young (0K), 0 survivors (0K)
 Metaspace       used 8238K, committed 8640K, reserved 1114112K
  class space    used 1060K, committed 1280K, reserved 1048576K
}
Event: 7.079 GC heap before
{Heap before GC invocations=159 (full 85):
 garbage-first heap   total 65536K, used 63422K [0x00000000fc000000, 0x0000000100000000)
  region size 1024K, 0 young (0K), 0 survivors (0K)
 Metaspace       used 8238K, committed 8640K, reserved 1114112K
  class space    used 1060K, committed 1280K, reserved 1048576K
}
Event: 7.152 GC heap after
{Heap after GC invocations=160 (full 86):
 garbage-first heap   total 65536K, used 63421K [0x00000000fc000000, 0x0000000100000000)
  region size 1024K, 0 young (0K), 0 survivors (0K)
 Metaspace       used 8238K, committed 8640K, reserved 1114112K
  class space    used 1060K, committed 1280K, reserved 1048576K
}
Event: 7.152 GC heap before
{Heap before GC invocations=160 (full 86):
 garbage-first heap   total 65536K, used 63421K [0x00000000fc000000, 0x0000000100000000)
  region size 1024K, 0 young (0K), 0 survivors (0K)
 Metaspace       used 8238K, committed 8640K, reserved 1114112K
  class space    used 1060K, committed 1280K, reserved 1048576K
}
Event: 7.153 GC heap after
{Heap after GC invocations=161 (full 86):
 garbage-first heap   total 65536K, used 63421K [0x00000000fc000000, 0x0000000100000000)
  region size 1024K, 0 young (0K), 0 survivors (0K)
 Metaspace       used 8238K, committed 8640K, reserved 1114112K
  class space    used 1060K, committed 1280K, reserved 1048576K
}
Event: 7.153 GC heap before
{Heap before GC invocations=161 (full 86):
 garbage-first heap   total 65536K, used 63421K [0x00000000fc000000, 0x0000000100000000)
  region size 1024K, 0 young (0K), 0 survivors (0K)
 Metaspace       used 8238K, committed 8640K, reserved 1114112K
  class space    used 1060K, committed 1280K, reserved 1048576K
}
Event: 7.193 GC heap after
{Heap after GC invocations=162 (full 87):
 garbage-first heap   total 65536K, used 63421K [0x00000000fc000000, 0x0000000100000000)
  region size 1024K, 0 young (0K), 0 survivors (0K)
 Metaspace       used 8238K, committed 8640K, reserved 1114112K
  class space    used 1060K, committed 1280K, reserved 1048576K
}
Event: 7.193 GC heap before
{Heap before GC invocations=162 (full 87):
 garbage-first heap   total 65536K, used 63421K [0x00000000fc000000, 0x0000000100000000)
  region size 1024K, 0 young (0K), 0 survivors (0K)
 Metaspace       used 8238K, committed 8640K, reserved 1114112K
  class space    used 1060K, committed 1280K, reserved 1048576K
}
Event: 7.268 GC heap after
{Heap after GC invocations=163 (full 88):
 garbage-first heap   total 65536K, used 63421K [0x00000000fc000000, 0x0000000100000000)
  region size 1024K, 0 young (0K), 0 survivors (0K)
 Metaspace       used 8238K, committed 8640K, reserved 1114112K
  class space    used 1060K, committed 1280K, reserved 1048576K
}

