# JRE version: OpenJDK Runtime Environment (19.0.2+7) (build 19.0.2+7-Ubuntu-0ubuntu322.04)
# Java VM: OpenJDK 64-Bit Server VM (19.0.2+7-Ubuntu-0ubuntu322.04, mixed mode, sharing, tiered, compressed oops, compressed class ptrs, g1 gc, linux-amd64)
Heap:
 garbage-first heap   total 65536K, used 63733K [0x00000000fc000000, 0x0000000100000000)
  region size 1024K, 0 young (0K), 0 survivors (0K)
 Metaspace       used 8230K, committed 8640K, reserved 1114112K
  class space    used 1059K, committed 1280K, reserved 1048576K
GC Heap History (20 events):
Event: 7.253 GC heap before
{Heap before GC invocations=160 (full 86):
 garbage-first heap   total 65536K, used 63734K [0x00000000fc000000, 0x0000000100000000)
  region size 1024K, 0 young (0K), 0 survivors (0K)
 Metaspace       used 8230K, committed 8640K, reserved 1114112K
  class space    used 1059K, committed 1280K, reserved 1048576K
}
Event: 7.339 GC heap after
{Heap after GC invocations=161 (full 87):
 garbage-first heap   total 65536K, used 63733K [0x00000000fc000000, 0x0000000100000000)
  region size 1024K, 0 young (0K), 0 survivors (0K)
 Metaspace       used 8230K, committed 8640K, reserved 1114112K
  class space    used 1059K, committed 1280K, reserved 1048576K
}
Event: 7.339 GC heap before
{Heap before GC invocations=161 (full 87):
 garbage-first heap   total 65536K, used 63733K [0x00000000fc000000, 0x0000000100000000)
  region size 1024K, 0 young (0K), 0 survivors (0K)
 Metaspace       used 8230K, committed 8640K, reserved 1114112K
  class space    used 1059K, committed 1280K, reserved 1048576K
}
Event: 7.340 GC heap after
{Heap after GC invocations=162 (full 87):
 garbage-first heap   total 65536K, used 63733K [0x00000000fc000000, 0x0000000100000000)
  region size 1024K, 0 young (0K), 0 survivors (0K)
 Metaspace       used 8230K, committed 8640K, reserved 1114112K
  class space    used 1059K, committed 1280K, reserved 1048576K
}
Event: 7.340 GC heap before
{Heap before GC invocations=162 (full 87):
 garbage-first heap   total 65536K, used 63733K [0x00000000fc000000, 0x0000000100000000)
  region size 1024K, 0 young (0K), 0 survivors (0K)
 Metaspace       used 8230K, committed 8640K, reserved 1114112K
  class space    used 1059K, committed 1280K, reserved 1048576K
}
Event: 7.371 GC heap after
{Heap after GC invocations=163 (full 88):
 garbage-first heap   total 65536K, used 63733K [0x00000000fc000000, 0x0000000100000000)
  region size 1024K, 0 young (0K), 0 survivors (0K)
 Metaspace       used 8230K, committed 8640K, reserved 1114112K
  class space    used 1059K, committed 1280K, reserved 1048576K
}
Event: 7.371 GC heap before
{Heap before GC invocations=163 (full 88):
 garbage-first heap   total 65536K, used 63733K [0x00000000fc000000, 0x0000000100000000)
  region size 1024K, 0 young (0K), 0 survivors (0K)
 Metaspace       used 8230K, committed 8640K, reserved 1114112K
  class space    used 1059K, committed 1280K, reserved 1048576K
}
Event: 7.445 GC heap after
{Heap after GC invocations=164 (full 89):
 garbage-first heap   total 65536K, used 63733K [0x00000000fc000000, 0x0000000100000000)
  region size 1024K, 0 young (0K), 0 survivors (0K)
 Metaspace       used 8230K, committed 8640K, reserved 1114112K
  class space    used 1059K, committed 1280K, reserved 1048576K
}
Event: 7.446 GC heap before
{Heap before GC invocations=164 (full 89):
 garbage-first heap   total 65536K, used 63733K [0x00000000fc000000, 0x0000000100000000)
  region size 1024K, 0 young (0K), 0 survivors (0K)
 Metaspace       used 8230K, committed 8640K, reserved 1114112K
  class space    used 1059K, committed 1280K, reserved 1048576K
}
Event: 7.446 GC heap after
{Heap after GC invocations=165 (full 89):
 garbage-first heap   total 65536K, used 63733K [0x00000000fc000000, 0x0000000100000000)
  region size 1024K, 0 young (0K), 0 survivors (0K)
 Metaspace       used 8230K, committed 8640K, reserved 1114112K
  class space    used 1059K, committed 1280K, reserved 1048576K
}
Event: 7.446 GC heap before
{Heap before GC invocations=165 (full 89):
 garbage-first heap   total 65536K, used 63733K [0x00000000fc000000, 0x0000000100000000)
  region size 1024K, 0 young (0K), 0 survivors (0K)
 Metaspace       used 8230K, committed 8640K, reserved 1114112K
  class space    used 1059K, committed 1280K, reserved 1048576K
}
Event: 7.491 GC heap after
{Heap after GC invocations=166 (full 90):
 garbage-first heap   total 65536K, used 63733K [0x00000000fc000000, 0x0000000100000000)
  region size 1024K, 0 young (0K), 0 survivors (0K)
 Metaspace       used 8230K, committed 8640K, reserved 1114112K
  class space    used 1059K, committed 1280K, reserved 1048576K
}
Event: 7.491 GC heap before
{Heap before GC invocations=166 (full 90):
 garbage-first heap   total 65536K, used 63733K [0x00000000fc000000, 0x0000000100000000)
  region size 1024K, 0 young (0K), 0 survivors (0K)
 Metaspace       used 8230K, committed 8640K, reserved 1114112K
  class space    used 1059K, committed 1280K, reserved 1048576K
}
Event: 7.565 GC heap after
{Heap after GC invocations=167 (full 91):
 garbage-first heap   total 65536K, used 63733K [0x00000000fc000000, 0x0000000100000000)
  region size 1024K, 0 young (0K), 0 survivors (0K)
 Metaspace       used 8230K, committed 8640K, reserved 1114112K
  class space    used 1059K, committed 1280K, reserved 1048576K
}
Event: 7.565 GC heap before
{Heap before GC invocations=167 (full 91):
 garbage-first heap   total 65536K, used 63733K [0x00000000fc000000, 0x0000000100000000)
  region size 1024K, 0 young (0K), 0 survivors (0K)
 Metaspace       used 8230K, committed 8640K, reserved 1114112K
  class space    used 1059K, committed 1280K, reserved 1048576K
}
Event: 7.566 GC heap after
{Heap after GC invocations=168 (full 91):
 garbage-first heap   total 65536K, used 63733K [0x00000000fc000000, 0x0000000100000000)
  region size 1024K, 0 young (0K), 0 survivors (0K)
 Metaspace       used 8230K, committed 8640K, reserved 1114112K
  class space    used 1059K, committed 1280K, reserved 1048576K
}
Event: 7.566 GC heap before
{Heap before GC invocations=168 (full 91):
 garbage-first heap   total 65536K, used 63733K [0x00000000fc000000, 0x0000000100000000)
  region size 1024K, 0 young (0K), 0 survivors (0K)
 Metaspace       used 8230K, committed 8640K, reserved 1114112K
  class space    used 1059K, committed 1280K, reserved 1048576K
}
Event: 7.609 GC heap after
{Heap after GC invocations=169 (full 92):
 garbage-first heap   total 65536K, used 63733K [0x00000000fc000000, 0x0000000100000000)
  region size 1024K, 0 young (0K), 0 survivors (0K)
 Metaspace       used 8230K, committed 8640K, reserved 1114112K
  class space    used 1059K, committed 1280K, reserved 1048576K
}
Event: 7.609 GC heap before
{Heap before GC invocations=169 (full 92):
 garbage-first heap   total 65536K, used 63733K [0x00000000fc000000, 0x0000000100000000)
  region size 1024K, 0 young (0K), 0 survivors (0K)
 Metaspace       used 8230K, committed 8640K, reserved 1114112K
  class space    used 1059K, committed 1280K, reserved 1048576K
}
Event: 7.683 GC heap after
{Heap after GC invocations=170 (full 93):
 garbage-first heap   total 65536K, used 63733K [0x00000000fc000000, 0x0000000100000000)
  region size 1024K, 0 young (0K), 0 survivors (0K)
 Metaspace       used 8230K, committed 8640K, reserved 1114112K
  class space    used 1059K, committed 1280K, reserved 1048576K
}

